<?xml version="1.0" encoding="UTF-8"?>
<!-- Generated by org.testng.reporters.JUnitXMLReporter -->
<testsuite ignored="25" hostname="MacBookPro.lan" failures="1" tests="1" name="Sanity Tests" time="8.868" errors="0" timestamp="2025-09-25T14:25:41 IST">
  <testcase classname="ecommerceautomation.tests.AccountInformationPageTest" name="registerNewUserTest" time="0.008">
    <failure type="java.lang.Error" message="Unresolved compilation problem: 
	The method assertTrue(String, boolean) in the type AssertJUnit is not applicable for the arguments (boolean, String)
">
      <![CDATA[java.lang.Error: Unresolved compilation problem: 
The method assertTrue(String, boolean) in the type AssertJUnit is not applicable for the arguments (boolean, String)

at ecommerceautomation.tests.AccountInformationPageTest.registerNewUserTest(AccountInformationPageTest.java:47)
at java.base/java.util.ArrayList.forEach(ArrayList.java:1597)
... Removed 25 stack frames]]>
    </failure>
  </testcase> <!-- registerNewUserTest -->
  <testcase classname="ecommerceautomation.base.BaseTest" name="@BeforeSuite setupConfig" time="0.0">
    <ignored/>
  </testcase> <!-- @BeforeSuite setupConfig -->
  <testcase classname="ecommerceautomation.base.BaseTest" name="@BeforeSuite setupConfig" time="0.0">
    <ignored/>
  </testcase> <!-- @BeforeSuite setupConfig -->
  <testcase classname="ecommerceautomation.tests.SignupPageTest" name="registerNewUserTest" time="0.0">
    <ignored/>
  </testcase> <!-- registerNewUserTest -->
  <testcase classname="ecommerceautomation.base.BaseTest" name="@BeforeSuite setupConfig" time="0.0">
    <ignored/>
  </testcase> <!-- @BeforeSuite setupConfig -->
  <testcase classname="ecommerceautomation.tests.HomePageTest" name="verifyLogoutFunctionality" time="0.0">
    <ignored/>
  </testcase> <!-- verifyLogoutFunctionality -->
  <testcase classname="ecommerceautomation.base.BaseTest" name="@BeforeSuite setupConfig" time="0.0">
    <ignored/>
  </testcase> <!-- @BeforeSuite setupConfig -->
  <testcase classname="ecommerceautomation.tests.EcommerceShoppingTest" name="fullEndToEndFlow" time="0.0">
    <ignored/>
  </testcase> <!-- fullEndToEndFlow -->
  <testcase classname="ecommerceautomation.base.BaseTest" name="@BeforeSuite setupConfig" time="0.0">
    <ignored/>
  </testcase> <!-- @BeforeSuite setupConfig -->
  <testcase classname="ecommerceautomation.tests.PaymentTest" name="completePaymentFlow" time="0.0">
    <ignored/>
  </testcase> <!-- completePaymentFlow -->
  <testcase classname="ecommerceautomation.base.BaseTest" name="@BeforeSuite setupConfig" time="0.0">
    <ignored/>
  </testcase> <!-- @BeforeSuite setupConfig -->
  <testcase classname="ecommerceautomation.tests.LoginTest" name="invalidUserLoginTest" time="0.0">
    <ignored/>
  </testcase> <!-- invalidUserLoginTest -->
  <testcase classname="ecommerceautomation.tests.HomePageTest" name="verifyUserIsLoggedIn" time="0.0">
    <ignored/>
  </testcase> <!-- verifyUserIsLoggedIn -->
  <testcase classname="ecommerceautomation.tests.LoginTest" name="validUserLoginTest" time="0.0">
    <ignored/>
  </testcase> <!-- validUserLoginTest -->
  <testcase classname="ecommerceautomation.tests.CategoryBrandTest" name="checkCategoryAndBrand" time="0.0">
    <ignored/>
  </testcase> <!-- checkCategoryAndBrand -->
  <testcase classname="ecommerceautomation.tests.CheckoutTest" name="placeOrderTest" time="0.0">
    <ignored/>
  </testcase> <!-- placeOrderTest -->
  <testcase classname="ecommerceautomation.base.BaseTest" name="@BeforeSuite setupConfig" time="0.0">
    <ignored/>
  </testcase> <!-- @BeforeSuite setupConfig -->
  <testcase classname="ecommerceautomation.tests.CartTest" name="verifyCartOperations" time="0.0">
    <ignored/>
  </testcase> <!-- verifyCartOperations -->
  <testcase classname="ecommerceautomation.base.BaseTest" name="@BeforeSuite setupConfig" time="0.0">
    <ignored/>
  </testcase> <!-- @BeforeSuite setupConfig -->
  <testcase classname="ecommerceautomation.tests.SignupPageTest" name="accountDeletionCheck" time="0.0">
    <ignored/>
  </testcase> <!-- accountDeletionCheck -->
  <testcase classname="ecommerceautomation.tests.HomePageTest" name="navigateToProductsPage" time="0.0">
    <ignored/>
  </testcase> <!-- navigateToProductsPage -->
  <testcase classname="ecommerceautomation.base.BaseTest" name="@BeforeSuite setupConfig" time="0.0">
    <ignored/>
  </testcase> <!-- @BeforeSuite setupConfig -->
  <testcase classname="ecommerceautomation.tests.OrderConfirmationTest" name="verifyOrderConfirmation" time="0.0">
    <ignored/>
  </testcase> <!-- verifyOrderConfirmation -->
  <testcase classname="ecommerceautomation.base.BaseTest" name="@BeforeSuite setupConfig" time="0.0">
    <ignored/>
  </testcase> <!-- @BeforeSuite setupConfig -->
  <testcase classname="ecommerceautomation.tests.ProductTest" name="searchAndAddProductToCart" time="0.0">
    <ignored/>
  </testcase> <!-- searchAndAddProductToCart -->
  <testcase classname="ecommerceautomation.tests.CartTest" name="proceedToCheckoutFlow" time="0.0">
    <ignored/>
  </testcase> <!-- proceedToCheckoutFlow -->
</testsuite> <!-- Sanity Tests -->
