<?xml version="1.0" encoding="UTF-8"?>
<!-- Generated by org.testng.reporters.JUnitXMLReporter -->
<testsuite ignored="20" hostname="MacBookPro.lan" failures="0" tests="4" name="Regression Tests" time="364.286" errors="0" timestamp="2025-09-25T16:52:28 IST">
  <testcase classname="ecommerceautomation.tests.CheckoutTest" name="placeOrderTest" time="92.782"/>
  <testcase classname="ecommerceautomation.tests.PaymentTest" name="completePaymentFlow" time="137.266"/>
  <testcase classname="ecommerceautomation.tests.CategoryBrandTest" name="checkCategoryAndBrand" time="23.491"/>
  <testcase classname="ecommerceautomation.tests.OrderConfirmationTest" name="verifyOrderConfirmation" time="37.255"/>
  <testcase classname="ecommerceautomation.base.BaseTest" name="@BeforeSuite setupConfig" time="0.0">
    <ignored/>
  </testcase> <!-- @BeforeSuite setupConfig -->
  <testcase classname="ecommerceautomation.base.BaseTest" name="@BeforeSuite setupConfig" time="0.0">
    <ignored/>
  </testcase> <!-- @BeforeSuite setupConfig -->
  <testcase classname="ecommerceautomation.base.BaseTest" name="@BeforeSuite setupConfig" time="0.0">
    <ignored/>
  </testcase> <!-- @BeforeSuite setupConfig -->
  <testcase classname="ecommerceautomation.base.BaseTest" name="@BeforeSuite setupConfig" time="0.0">
    <ignored/>
  </testcase> <!-- @BeforeSuite setupConfig -->
  <testcase classname="ecommerceautomation.tests.CartTest" name="proceedToCheckoutFlow" time="0.0">
    <ignored/>
  </testcase> <!-- proceedToCheckoutFlow -->
  <testcase classname="ecommerceautomation.tests.SignupPageTest" name="registerNewUserTest" time="0.0">
    <ignored/>
  </testcase> <!-- registerNewUserTest -->
  <testcase classname="ecommerceautomation.tests.SignupPageTest" name="accountDeletionCheck" time="0.0">
    <ignored/>
  </testcase> <!-- accountDeletionCheck -->
  <testcase classname="ecommerceautomation.tests.LoginTest" name="validUserLoginTest" time="0.0">
    <ignored/>
  </testcase> <!-- validUserLoginTest -->
  <testcase classname="ecommerceautomation.base.BaseTest" name="@BeforeSuite setupConfig" time="0.0">
    <ignored/>
  </testcase> <!-- @BeforeSuite setupConfig -->
  <testcase classname="ecommerceautomation.base.BaseTest" name="@BeforeSuite setupConfig" time="0.0">
    <ignored/>
  </testcase> <!-- @BeforeSuite setupConfig -->
  <testcase classname="ecommerceautomation.base.BaseTest" name="@BeforeSuite setupConfig" time="0.0">
    <ignored/>
  </testcase> <!-- @BeforeSuite setupConfig -->
  <testcase classname="ecommerceautomation.tests.LoginTest" name="invalidUserLoginTest" time="0.0">
    <ignored/>
  </testcase> <!-- invalidUserLoginTest -->
  <testcase classname="ecommerceautomation.tests.HomePageTest" name="verifyUserIsLoggedIn" time="0.0">
    <ignored/>
  </testcase> <!-- verifyUserIsLoggedIn -->
  <testcase classname="ecommerceautomation.base.BaseTest" name="@BeforeSuite setupConfig" time="0.0">
    <ignored/>
  </testcase> <!-- @BeforeSuite setupConfig -->
  <testcase classname="ecommerceautomation.tests.AccountInformationPageTest" name="registerNewUserTest" time="0.0">
    <ignored/>
  </testcase> <!-- registerNewUserTest -->
  <testcase classname="ecommerceautomation.tests.CartTest" name="verifyCartOperations" time="0.0">
    <ignored/>
  </testcase> <!-- verifyCartOperations -->
  <testcase classname="ecommerceautomation.tests.EcommerceShoppingTest" name="fullEndToEndFlow" time="0.0">
    <ignored/>
  </testcase> <!-- fullEndToEndFlow -->
  <testcase classname="ecommerceautomation.base.BaseTest" name="@BeforeSuite setupConfig" time="0.0">
    <ignored/>
  </testcase> <!-- @BeforeSuite setupConfig -->
  <testcase classname="ecommerceautomation.tests.ProductTest" name="searchAndAddProductToCart" time="0.0">
    <ignored/>
  </testcase> <!-- searchAndAddProductToCart -->
  <testcase classname="ecommerceautomation.base.BaseTest" name="@BeforeSuite setupConfig" time="0.0">
    <ignored/>
  </testcase> <!-- @BeforeSuite setupConfig -->
</testsuite> <!-- Regression Tests -->
