<?xml version="1.0" encoding="UTF-8"?>
<!-- Generated by org.testng.reporters.JUnitXMLReporter -->
<testsuite ignored="41" hostname="Adityas-MacBook-Pro.local" failures="1" tests="4" name="Regression Tests" time="213.33" errors="0" timestamp="2025-10-09T13:29:16 IST">
  <testcase classname="ecommerceautomation.tests.CheckoutTest" name="placeOrderCheckoutTest" time="38.841"/>
  <testcase classname="ecommerceautomation.tests.PaymentTest" name="completePaymentFlowTest" time="19.001">
    <failure type="org.openqa.selenium.ElementClickInterceptedException" message="element click intercepted: Element &amp;lt;a data-product-id=&amp;quot;1&amp;quot; class=&amp;quot;btn btn-default add-to-cart&amp;quot;&amp;gt;...&amp;lt;/a&amp;gt; is not clickable at point (754, 4). Other element would receive the click: &amp;lt;a data-product-id=&amp;quot;1&amp;quot; class=&amp;quot;btn btn-default add-to-cart&amp;quot;&amp;gt;...&amp;lt;/a&amp;gt;
  (Session info: chrome=141.0.7390.65)
Build info: version: &amp;apos;4.23.0&amp;apos;, revision: &amp;apos;4df0a231af&amp;apos;
System info: os.name: &amp;apos;Mac OS X&amp;apos;, os.arch: &amp;apos;x86_64&amp;apos;, os.version: &amp;apos;15.4.1&amp;apos;, java.version: &amp;apos;23.0.2&amp;apos;
Driver info: org.openqa.selenium.chrome.ChromeDriver
Command: [9485d148014ccbd95e83a59280d71c18, clickElement {id=f.B52B0FDCDF30E9698544BD6B3467B957.d.5F03ADAD8C40F363771F587A434998B8.e.127}]
Capabilities {acceptInsecureCerts: false, browserName: chrome, browserVersion: 141.0.7390.65, chrome: {chromedriverVersion: 141.0.7390.65 (b2ec783d2b51..., userDataDir: /var/folders/fh/mrx4vbm562g...}, fedcm:accounts: true, goog:chromeOptions: {debuggerAddress: localhost:62924}, networkConnectionEnabled: false, pageLoadStrategy: normal, platformName: mac, proxy: Proxy(), se:cdp: ws://localhost:62924/devtoo..., se:cdpVersion: 141.0.7390.65, setWindowRect: true, strictFileInteractability: false, timeouts: {implicit: 0, pageLoad: 300000, script: 30000}, unhandledPromptBehavior: dismiss and notify, webauthn:extension:credBlob: true, webauthn:extension:largeBlob: true, webauthn:extension:minPinLength: true, webauthn:extension:prf: true, webauthn:virtualAuthenticators: true}
Element: [[[[ChromeDriver: chrome on mac (9485d148014ccbd95e83a59280d71c18)] -&amp;gt; xpath: //div[@class=&amp;apos;productinfo text-center&amp;apos;]]] -&amp;gt; xpath: .//a[contains(text(),&amp;apos;Add to cart&amp;apos;)]]
Session ID: 9485d148014ccbd95e83a59280d71c18">
      <![CDATA[org.openqa.selenium.ElementClickInterceptedException: element click intercepted: Element <a data-product-id="1" class="btn btn-default add-to-cart">...</a> is not clickable at point (754, 4). Other element would receive the click: <a data-product-id="1" class="btn btn-default add-to-cart">...</a>
  (Session info: chrome=141.0.7390.65)
Build info: version: '4.23.0', revision: '4df0a231af'
System info: os.name: 'Mac OS X', os.arch: 'x86_64', os.version: '15.4.1', java.version: '23.0.2'
Driver info: org.openqa.selenium.chrome.ChromeDriver
Command: [9485d148014ccbd95e83a59280d71c18, clickElement {id=f.B52B0FDCDF30E9698544BD6B3467B957.d.5F03ADAD8C40F363771F587A434998B8.e.127}]
Capabilities {acceptInsecureCerts: false, browserName: chrome, browserVersion: 141.0.7390.65, chrome: {chromedriverVersion: 141.0.7390.65 (b2ec783d2b51..., userDataDir: /var/folders/fh/mrx4vbm562g...}, fedcm:accounts: true, goog:chromeOptions: {debuggerAddress: localhost:62924}, networkConnectionEnabled: false, pageLoadStrategy: normal, platformName: mac, proxy: Proxy(), se:cdp: ws://localhost:62924/devtoo..., se:cdpVersion: 141.0.7390.65, setWindowRect: true, strictFileInteractability: false, timeouts: {implicit: 0, pageLoad: 300000, script: 30000}, unhandledPromptBehavior: dismiss and notify, webauthn:extension:credBlob: true, webauthn:extension:largeBlob: true, webauthn:extension:minPinLength: true, webauthn:extension:prf: true, webauthn:virtualAuthenticators: true}
Element: [[[[ChromeDriver: chrome on mac (9485d148014ccbd95e83a59280d71c18)] -> xpath: //div[@class='productinfo text-center']]] -> xpath: .//a[contains(text(),'Add to cart')]]
Session ID: 9485d148014ccbd95e83a59280d71c18
at org.openqa.selenium.remote.ErrorCodec.decode(ErrorCodec.java:167)
at org.openqa.selenium.remote.codec.w3c.W3CHttpResponseCodec.decode(W3CHttpResponseCodec.java:138)
at org.openqa.selenium.remote.codec.w3c.W3CHttpResponseCodec.decode(W3CHttpResponseCodec.java:50)
at org.openqa.selenium.remote.HttpCommandExecutor.execute(HttpCommandExecutor.java:190)
at org.openqa.selenium.remote.service.DriverCommandExecutor.invokeExecute(DriverCommandExecutor.java:216)
at org.openqa.selenium.remote.service.DriverCommandExecutor.execute(DriverCommandExecutor.java:174)
at org.openqa.selenium.remote.RemoteWebDriver.execute(RemoteWebDriver.java:527)
at org.openqa.selenium.remote.RemoteWebElement.execute(RemoteWebElement.java:223)
at org.openqa.selenium.remote.RemoteWebElement.click(RemoteWebElement.java:76)
at ecommerceautomation.pages.ProductPage.addProductToCart(ProductPage.java:102)
at ecommerceautomation.pages.ProductPage.searchProduct(ProductPage.java:123)
at ecommerceautomation.tests.PaymentTest.completePaymentFlowTest(PaymentTest.java:72)
at java.base/java.util.ArrayList.forEach(ArrayList.java:1597)
... Removed 28 stack frames]]>
    </failure>
  </testcase> <!-- completePaymentFlowTest -->
  <testcase classname="ecommerceautomation.tests.CategoryBrandTest" name="checkCategoryAndBrandTest" time="39.872"/>
  <testcase classname="ecommerceautomation.tests.OrderConfirmationTest" name="verifyOrderConfirmationTest" time="51.878"/>
  <testcase classname="ecommerceautomation.base.BaseTest" name="@BeforeSuite setupConfig" time="0.0">
    <ignored/>
  </testcase> <!-- @BeforeSuite setupConfig -->
  <testcase classname="ecommerceautomation.tests.TestCaseTwo" name="ValidUserLoginTestTwo" time="0.0">
    <ignored/>
  </testcase> <!-- ValidUserLoginTestTwo -->
  <testcase classname="ecommerceautomation.tests.CartTest" name="verifyCartOperationsCartTest" time="0.0">
    <ignored/>
  </testcase> <!-- verifyCartOperationsCartTest -->
  <testcase classname="ecommerceautomation.base.BaseTest" name="@BeforeSuite setupConfig" time="0.0">
    <ignored/>
  </testcase> <!-- @BeforeSuite setupConfig -->
  <testcase classname="ecommerceautomation.base.BaseTest" name="@BeforeSuite setupConfig" time="0.0">
    <ignored/>
  </testcase> <!-- @BeforeSuite setupConfig -->
  <testcase classname="ecommerceautomation.base.BaseTest" name="@BeforeSuite setupConfig" time="0.0">
    <ignored/>
  </testcase> <!-- @BeforeSuite setupConfig -->
  <testcase classname="ecommerceautomation.base.BaseTest" name="@BeforeSuite setupConfig" time="0.0">
    <ignored/>
  </testcase> <!-- @BeforeSuite setupConfig -->
  <testcase classname="ecommerceautomation.tests.TestCaseNine" name="SearchProductTestNine" time="0.0">
    <ignored/>
  </testcase> <!-- SearchProductTestNine -->
  <testcase classname="ecommerceautomation.base.BaseTest" name="@BeforeSuite setupConfig" time="0.0">
    <ignored/>
  </testcase> <!-- @BeforeSuite setupConfig -->
  <testcase classname="ecommerceautomation.base.BaseTest" name="@BeforeSuite setupConfig" time="0.0">
    <ignored/>
  </testcase> <!-- @BeforeSuite setupConfig -->
  <testcase classname="ecommerceautomation.tests.TestCaseOne" name="RegisterUserTestOne" time="0.0">
    <ignored/>
  </testcase> <!-- RegisterUserTestOne -->
  <testcase classname="ecommerceautomation.tests.AccountInformationPageTest" name="newAccountTest" time="0.0">
    <ignored/>
  </testcase> <!-- newAccountTest -->
  <testcase classname="ecommerceautomation.base.BaseTest" name="@BeforeSuite setupConfig" time="0.0">
    <ignored/>
  </testcase> <!-- @BeforeSuite setupConfig -->
  <testcase classname="ecommerceautomation.base.BaseTest" name="@BeforeSuite setupConfig" time="0.0">
    <ignored/>
  </testcase> <!-- @BeforeSuite setupConfig -->
  <testcase classname="ecommerceautomation.base.BaseTest" name="@BeforeSuite setupConfig" time="0.0">
    <ignored/>
  </testcase> <!-- @BeforeSuite setupConfig -->
  <testcase classname="ecommerceautomation.tests.ContactUsPageTest" name="contactPageTest" time="0.0">
    <ignored/>
  </testcase> <!-- contactPageTest -->
  <testcase classname="ecommerceautomation.tests.TestCaseSix" name="ContactUsTestSix" time="0.0">
    <ignored/>
  </testcase> <!-- ContactUsTestSix -->
  <testcase classname="ecommerceautomation.tests.CartTest" name="proceedToCheckoutFlowCartTest" time="0.0">
    <ignored/>
  </testcase> <!-- proceedToCheckoutFlowCartTest -->
  <testcase classname="ecommerceautomation.base.BaseTest" name="@BeforeSuite setupConfig" time="0.0">
    <ignored/>
  </testcase> <!-- @BeforeSuite setupConfig -->
  <testcase classname="ecommerceautomation.base.BaseTest" name="@BeforeSuite setupConfig" time="0.0">
    <ignored/>
  </testcase> <!-- @BeforeSuite setupConfig -->
  <testcase classname="ecommerceautomation.tests.TestCaseSixteen" name="LoginBeforeCheckoutTestSixteen" time="0.0">
    <ignored/>
  </testcase> <!-- LoginBeforeCheckoutTestSixteen -->
  <testcase classname="ecommerceautomation.tests.TestCaseSeventeen" name="RemoveProductFromCartTestSeventeen" time="0.0">
    <ignored/>
  </testcase> <!-- RemoveProductFromCartTestSeventeen -->
  <testcase classname="ecommerceautomation.tests.LoginTest" name="invalidUserLoginTest" time="0.0">
    <ignored/>
  </testcase> <!-- invalidUserLoginTest -->
  <testcase classname="ecommerceautomation.tests.TestCaseFour" name="UserLogoutTestFour" time="0.0">
    <ignored/>
  </testcase> <!-- UserLogoutTestFour -->
  <testcase classname="ecommerceautomation.tests.TestCaseFive" name="registerExistingUserTestFive" time="0.0">
    <ignored/>
  </testcase> <!-- registerExistingUserTestFive -->
  <testcase classname="ecommerceautomation.tests.LoginTest" name="validUserLoginTest" time="0.0">
    <ignored/>
  </testcase> <!-- validUserLoginTest -->
  <testcase classname="ecommerceautomation.tests.TestCaseThree" name="InvalidUserLoginTestThree" time="0.0">
    <ignored/>
  </testcase> <!-- InvalidUserLoginTestThree -->
  <testcase classname="ecommerceautomation.base.BaseTest" name="@BeforeSuite setupConfig" time="0.0">
    <ignored/>
  </testcase> <!-- @BeforeSuite setupConfig -->
  <testcase classname="ecommerceautomation.base.BaseTest" name="@BeforeSuite setupConfig" time="0.0">
    <ignored/>
  </testcase> <!-- @BeforeSuite setupConfig -->
  <testcase classname="ecommerceautomation.tests.TestCaseFourteen" name="RegisterWhileCheckoutTestFourteen" time="0.0">
    <ignored/>
  </testcase> <!-- RegisterWhileCheckoutTestFourteen -->
  <testcase classname="ecommerceautomation.tests.ProductTest" name="searchAndAddProductToCart" time="0.0">
    <ignored/>
  </testcase> <!-- searchAndAddProductToCart -->
  <testcase classname="ecommerceautomation.base.BaseTest" name="@BeforeSuite setupConfig" time="0.0">
    <ignored/>
  </testcase> <!-- @BeforeSuite setupConfig -->
  <testcase classname="ecommerceautomation.base.BaseTest" name="@BeforeSuite setupConfig" time="0.0">
    <ignored/>
  </testcase> <!-- @BeforeSuite setupConfig -->
  <testcase classname="ecommerceautomation.tests.TestCaseEight" name="verifyAllProductsTestEight" time="0.0">
    <ignored/>
  </testcase> <!-- verifyAllProductsTestEight -->
  <testcase classname="ecommerceautomation.base.BaseTest" name="@BeforeSuite setupConfig" time="0.0">
    <ignored/>
  </testcase> <!-- @BeforeSuite setupConfig -->
  <testcase classname="ecommerceautomation.tests.SignupPageTest" name="registerNewUserTest" time="0.0">
    <ignored/>
  </testcase> <!-- registerNewUserTest -->
  <testcase classname="ecommerceautomation.base.BaseTest" name="@BeforeSuite setupConfig" time="0.0">
    <ignored/>
  </testcase> <!-- @BeforeSuite setupConfig -->
  <testcase classname="ecommerceautomation.base.BaseTest" name="@BeforeSuite setupConfig" time="0.0">
    <ignored/>
  </testcase> <!-- @BeforeSuite setupConfig -->
  <testcase classname="ecommerceautomation.tests.TestCaseNineteen" name="BrandAndCategoryTestNineteen" time="0.0">
    <ignored/>
  </testcase> <!-- BrandAndCategoryTestNineteen -->
  <testcase classname="ecommerceautomation.base.BaseTest" name="@BeforeSuite setupConfig" time="0.0">
    <ignored/>
  </testcase> <!-- @BeforeSuite setupConfig -->
  <testcase classname="ecommerceautomation.base.BaseTest" name="@BeforeSuite setupConfig" time="0.0">
    <ignored/>
  </testcase> <!-- @BeforeSuite setupConfig -->
</testsuite> <!-- Regression Tests -->
