<?xml version="1.0" encoding="UTF-8"?>
<!-- Generated by org.testng.reporters.JUnitXMLReporter -->
<testsuite ignored="23" hostname="MacBookPro.lan" failures="0" tests="3" name="Sanity Tests" time="95.108" errors="0" timestamp="2025-09-25T16:27:32 IST">
  <testcase classname="ecommerceautomation.tests.SignupPageTest" name="registerNewUserTest" time="9.798"/>
  <testcase classname="ecommerceautomation.tests.ProductTest" name="searchAndAddProductToCart" time="16.61"/>
  <testcase classname="ecommerceautomation.tests.CartTest" name="verifyCartOperations" time="19.34"/>
  <testcase classname="ecommerceautomation.tests.CheckoutTest" name="placeOrderTest" time="0.0">
    <ignored/>
  </testcase> <!-- placeOrderTest -->
  <testcase classname="ecommerceautomation.base.BaseTest" name="@BeforeSuite setupConfig" time="0.0">
    <ignored/>
  </testcase> <!-- @BeforeSuite setupConfig -->
  <testcase classname="ecommerceautomation.base.BaseTest" name="@BeforeSuite setupConfig" time="0.0">
    <ignored/>
  </testcase> <!-- @BeforeSuite setupConfig -->
  <testcase classname="ecommerceautomation.tests.AccountInformationPageTest" name="registerNewUserTest" time="0.0">
    <ignored/>
  </testcase> <!-- registerNewUserTest -->
  <testcase classname="ecommerceautomation.base.BaseTest" name="@BeforeSuite setupConfig" time="0.0">
    <ignored/>
  </testcase> <!-- @BeforeSuite setupConfig -->
  <testcase classname="ecommerceautomation.base.BaseTest" name="@BeforeSuite setupConfig" time="0.0">
    <ignored/>
  </testcase> <!-- @BeforeSuite setupConfig -->
  <testcase classname="ecommerceautomation.tests.OrderConfirmationTest" name="verifyOrderConfirmation" time="0.0">
    <ignored/>
  </testcase> <!-- verifyOrderConfirmation -->
  <testcase classname="ecommerceautomation.base.BaseTest" name="@BeforeSuite setupConfig" time="0.0">
    <ignored/>
  </testcase> <!-- @BeforeSuite setupConfig -->
  <testcase classname="ecommerceautomation.tests.CategoryBrandTest" name="checkCategoryAndBrand" time="0.0">
    <ignored/>
  </testcase> <!-- checkCategoryAndBrand -->
  <testcase classname="ecommerceautomation.tests.LoginTest" name="validUserLoginTest" time="0.0">
    <ignored/>
  </testcase> <!-- validUserLoginTest -->
  <testcase classname="ecommerceautomation.tests.HomePageTest" name="verifyUserIsLoggedIn" time="0.0">
    <ignored/>
  </testcase> <!-- verifyUserIsLoggedIn -->
  <testcase classname="ecommerceautomation.tests.SignupPageTest" name="accountDeletionCheck" time="0.0">
    <ignored/>
  </testcase> <!-- accountDeletionCheck -->
  <testcase classname="ecommerceautomation.tests.EcommerceShoppingTest" name="fullEndToEndFlow" time="0.0">
    <ignored/>
  </testcase> <!-- fullEndToEndFlow -->
  <testcase classname="ecommerceautomation.base.BaseTest" name="@BeforeSuite setupConfig" time="0.0">
    <ignored/>
  </testcase> <!-- @BeforeSuite setupConfig -->
  <testcase classname="ecommerceautomation.base.BaseTest" name="@BeforeSuite setupConfig" time="0.0">
    <ignored/>
  </testcase> <!-- @BeforeSuite setupConfig -->
  <testcase classname="ecommerceautomation.tests.LoginTest" name="invalidUserLoginTest" time="0.0">
    <ignored/>
  </testcase> <!-- invalidUserLoginTest -->
  <testcase classname="ecommerceautomation.tests.PaymentTest" name="completePaymentFlow" time="0.0">
    <ignored/>
  </testcase> <!-- completePaymentFlow -->
  <testcase classname="ecommerceautomation.base.BaseTest" name="@BeforeSuite setupConfig" time="0.0">
    <ignored/>
  </testcase> <!-- @BeforeSuite setupConfig -->
  <testcase classname="ecommerceautomation.tests.HomePageTest" name="navigateToProductsPage" time="0.0">
    <ignored/>
  </testcase> <!-- navigateToProductsPage -->
  <testcase classname="ecommerceautomation.base.BaseTest" name="@BeforeSuite setupConfig" time="0.0">
    <ignored/>
  </testcase> <!-- @BeforeSuite setupConfig -->
  <testcase classname="ecommerceautomation.base.BaseTest" name="@BeforeSuite setupConfig" time="0.0">
    <ignored/>
  </testcase> <!-- @BeforeSuite setupConfig -->
  <testcase classname="ecommerceautomation.tests.CartTest" name="proceedToCheckoutFlow" time="0.0">
    <ignored/>
  </testcase> <!-- proceedToCheckoutFlow -->
  <testcase classname="ecommerceautomation.tests.HomePageTest" name="verifyLogoutFunctionality" time="0.0">
    <ignored/>
  </testcase> <!-- verifyLogoutFunctionality -->
</testsuite> <!-- Sanity Tests -->
