<?xml version="1.0" encoding="UTF-8"?>
<!-- Generated by org.testng.reporters.JUnitXMLReporter -->
<testsuite ignored="1" hostname="Adityas-MacBook-Pro.local" failures="0" tests="2" name="Order Tests" time="91.726" errors="0" timestamp="2025-10-06T16:28:46 IST">
  <testcase classname="ecommerceautomation.tests.OrderConfirmationTest" name="verifyOrderConfirmationTest" time="32.537"/>
  <testcase classname="ecommerceautomation.tests.PaymentTest" name="completePaymentFlowTest" time="35.495"/>
  <testcase classname="ecommerceautomation.base.BaseTest" name="@BeforeSuite setupConfig" time="0.0">
    <ignored/>
  </testcase> <!-- @BeforeSuite setupConfig -->
</testsuite> <!-- Order Tests -->
