<?xml version="1.0" encoding="UTF-8"?>
<testng-results ignored="0" total="1" passed="1" failed="0" skipped="0">
  <reporter-output>
  </reporter-output>
  <suite started-at="2025-09-25T18:41:24 IST" name="EcommerceSuite" finished-at="2025-09-25T18:42:51 IST" duration-ms="87199">
    <groups>
      <group name="regression">
        <method signature="PaymentTest.completePaymentFlow(java.lang.String,java.lang.String,java.lang.String,java.lang.String,java.lang.String,java.lang.String,java.lang.String,java.lang.String)[pri:0, instance:ecommerceautomation.tests.PaymentTest@7530ad9c]" name="completePaymentFlow" class="ecommerceautomation.tests.PaymentTest"/>
      </group> <!-- regression -->
    </groups>
    <test started-at="2025-09-25T18:41:24 IST" name="PaymentTests" finished-at="2025-09-25T18:42:51 IST" duration-ms="87199">
      <class name="ecommerceautomation.tests.PaymentTest">
        <test-method is-config="true" signature="setupConfig()[pri:0, instance:ecommerceautomation.tests.PaymentTest@7530ad9c]" started-at="2025-09-25T18:41:24 IST" name="setupConfig" finished-at="2025-09-25T18:41:24 IST" duration-ms="14" status="PASS">
          <reporter-output>
          </reporter-output>
        </test-method> <!-- setupConfig -->
        <test-method is-config="true" signature="setUp()[pri:0, instance:ecommerceautomation.tests.PaymentTest@7530ad9c]" started-at="2025-09-25T18:41:25 IST" name="setUp" finished-at="2025-09-25T18:42:00 IST" duration-ms="35289" status="PASS">
          <reporter-output>
          </reporter-output>
        </test-method> <!-- setUp -->
        <test-method signature="completePaymentFlow(java.lang.String,java.lang.String,java.lang.String,java.lang.String,java.lang.String,java.lang.String,java.lang.String,java.lang.String)[pri:0, instance:ecommerceautomation.tests.PaymentTest@7530ad9c]" started-at="2025-09-25T18:42:00 IST" name="completePaymentFlow" data-provider="UserAndPaymentData" finished-at="2025-09-25T18:42:50 IST" duration-ms="50577" status="PASS">
          <params>
            <param index="0">
              <value>
                <![CDATA[John Doe]]>
              </value>
            </param>
            <param index="1">
              <value>
                <![CDATA[aditya@p.com]]>
              </value>
            </param>
            <param index="2">
              <value>
                <![CDATA[AdityaPass123]]>
              </value>
            </param>
            <param index="3">
              <value>
                <![CDATA[John Doe]]>
              </value>
            </param>
            <param index="4">
              <value>
                <![CDATA[1234 4567 6789]]>
              </value>
            </param>
            <param index="5">
              <value>
                <![CDATA[123.0]]>
              </value>
            </param>
            <param index="6">
              <value>
                <![CDATA[3.0]]>
              </value>
            </param>
            <param index="7">
              <value>
                <![CDATA[2025.0]]>
              </value>
            </param>
          </params>
          <reporter-output>
          </reporter-output>
        </test-method> <!-- completePaymentFlow -->
        <test-method is-config="true" signature="tearDown()[pri:0, instance:ecommerceautomation.tests.PaymentTest@7530ad9c]" started-at="2025-09-25T18:42:50 IST" name="tearDown" finished-at="2025-09-25T18:42:51 IST" duration-ms="287" status="PASS">
          <reporter-output>
          </reporter-output>
        </test-method> <!-- tearDown -->
      </class> <!-- ecommerceautomation.tests.PaymentTest -->
    </test> <!-- PaymentTests -->
  </suite> <!-- EcommerceSuite -->
</testng-results>
