<?xml version="1.0" encoding="UTF-8"?>
<testng-results ignored="0" total="1" passed="1" failed="0" skipped="0">
  <reporter-output>
  </reporter-output>
  <suite started-at="2025-09-19T18:24:19 IST" name="Default suite" finished-at="2025-09-19T18:24:59 IST" duration-ms="39512">
    <groups>
    </groups>
    <test started-at="2025-09-19T18:24:19 IST" name="Default test" finished-at="2025-09-19T18:24:59 IST" duration-ms="39512">
      <class name="ecommerceautomation.tests.OrderConfirmationTest">
        <test-method is-config="true" signature="setupConfig()[pri:0, instance:ecommerceautomation.tests.OrderConfirmationTest@f79e]" started-at="2025-09-19T18:24:19 IST" name="setupConfig" finished-at="2025-09-19T18:24:19 IST" duration-ms="13" status="PASS">
          <reporter-output>
          </reporter-output>
        </test-method> <!-- setupConfig -->
        <test-method is-config="true" signature="setUp()[pri:0, instance:ecommerceautomation.tests.OrderConfirmationTest@f79e]" started-at="2025-09-19T18:24:20 IST" name="setUp" finished-at="2025-09-19T18:24:28 IST" duration-ms="8317" status="PASS">
          <reporter-output>
          </reporter-output>
        </test-method> <!-- setUp -->
        <test-method signature="verifyOrderConfirmation(java.lang.String,java.lang.String,java.lang.String,java.lang.String,java.lang.String,java.lang.String,java.lang.String,java.lang.String)[pri:0, instance:ecommerceautomation.tests.OrderConfirmationTest@f79e]" started-at="2025-09-19T18:24:28 IST" name="verifyOrderConfirmation" data-provider="orderData" finished-at="2025-09-19T18:24:58 IST" duration-ms="30372" status="PASS">
          <params>
            <param index="0">
              <value>
                <![CDATA[John Doe]]>
              </value>
            </param>
            <param index="1">
              <value>
                <![CDATA[aditya@p.com]]>
              </value>
            </param>
            <param index="2">
              <value>
                <![CDATA[AdityaPass123]]>
              </value>
            </param>
            <param index="3">
              <value>
                <![CDATA[John Doe]]>
              </value>
            </param>
            <param index="4">
              <value>
                <![CDATA[1234 4567 6789]]>
              </value>
            </param>
            <param index="5">
              <value>
                <![CDATA[123.0]]>
              </value>
            </param>
            <param index="6">
              <value>
                <![CDATA[3.0]]>
              </value>
            </param>
            <param index="7">
              <value>
                <![CDATA[2025.0]]>
              </value>
            </param>
          </params>
          <reporter-output>
          </reporter-output>
        </test-method> <!-- verifyOrderConfirmation -->
        <test-method is-config="true" signature="tearDown()[pri:0, instance:ecommerceautomation.tests.OrderConfirmationTest@f79e]" started-at="2025-09-19T18:24:58 IST" name="tearDown" finished-at="2025-09-19T18:24:59 IST" duration-ms="265" status="PASS">
          <reporter-output>
          </reporter-output>
        </test-method> <!-- tearDown -->
      </class> <!-- ecommerceautomation.tests.OrderConfirmationTest -->
    </test> <!-- Default test -->
  </suite> <!-- Default suite -->
</testng-results>
