<?xml version="1.0" encoding="UTF-8"?>
<testng-results ignored="0" total="1" passed="1" failed="0" skipped="0">
  <reporter-output>
  </reporter-output>
  <suite started-at="2025-09-23T01:03:05 IST" name="Default suite" finished-at="2025-09-23T01:03:48 IST" duration-ms="42146">
    <groups>
    </groups>
    <test started-at="2025-09-23T01:03:05 IST" name="Default test" finished-at="2025-09-23T01:03:48 IST" duration-ms="42146">
      <class name="ecommerceautomation.tests.PaymentTest">
        <test-method is-config="true" signature="setupConfig()[pri:0, instance:ecommerceautomation.tests.PaymentTest@192c3f1e]" started-at="2025-09-23T01:03:05 IST" name="setupConfig" finished-at="2025-09-23T01:03:05 IST" duration-ms="15" status="PASS">
          <reporter-output>
          </reporter-output>
        </test-method> <!-- setupConfig -->
        <test-method is-config="true" signature="setUp()[pri:0, instance:ecommerceautomation.tests.PaymentTest@192c3f1e]" started-at="2025-09-23T01:03:06 IST" name="setUp" finished-at="2025-09-23T01:03:15 IST" duration-ms="8170" status="PASS">
          <reporter-output>
          </reporter-output>
        </test-method> <!-- setUp -->
        <test-method signature="completePaymentFlow(java.lang.String,java.lang.String,java.lang.String,java.lang.String,java.lang.String,java.lang.String,java.lang.String,java.lang.String)[pri:0, instance:ecommerceautomation.tests.PaymentTest@192c3f1e]" started-at="2025-09-23T01:03:15 IST" name="completePaymentFlow" data-provider="UserAndPaymentData" finished-at="2025-09-23T01:03:47 IST" duration-ms="32767" status="PASS">
          <params>
            <param index="0">
              <value>
                <![CDATA[John Doe]]>
              </value>
            </param>
            <param index="1">
              <value>
                <![CDATA[aditya@p.com]]>
              </value>
            </param>
            <param index="2">
              <value>
                <![CDATA[AdityaPass123]]>
              </value>
            </param>
            <param index="3">
              <value>
                <![CDATA[John Doe]]>
              </value>
            </param>
            <param index="4">
              <value>
                <![CDATA[1234 4567 6789]]>
              </value>
            </param>
            <param index="5">
              <value>
                <![CDATA[123.0]]>
              </value>
            </param>
            <param index="6">
              <value>
                <![CDATA[3.0]]>
              </value>
            </param>
            <param index="7">
              <value>
                <![CDATA[2025.0]]>
              </value>
            </param>
          </params>
          <reporter-output>
          </reporter-output>
        </test-method> <!-- completePaymentFlow -->
        <test-method is-config="true" signature="tearDown()[pri:0, instance:ecommerceautomation.tests.PaymentTest@192c3f1e]" started-at="2025-09-23T01:03:47 IST" name="tearDown" finished-at="2025-09-23T01:03:48 IST" duration-ms="241" status="PASS">
          <reporter-output>
          </reporter-output>
        </test-method> <!-- tearDown -->
      </class> <!-- ecommerceautomation.tests.PaymentTest -->
    </test> <!-- Default test -->
  </suite> <!-- Default suite -->
</testng-results>
