<?xml version="1.0" encoding="UTF-8"?>
<testng-results ignored="0" total="2" passed="2" failed="0" skipped="0">
  <reporter-output>
  </reporter-output>
  <suite started-at="2025-09-21T17:31:09 IST" name="Default suite" finished-at="2025-09-21T17:32:09 IST" duration-ms="60438">
    <groups>
    </groups>
    <test started-at="2025-09-21T17:31:09 IST" name="Default test" finished-at="2025-09-21T17:32:09 IST" duration-ms="60438">
      <class name="ecommerceautomation.tests.LoginTest">
        <test-method is-config="true" signature="setupConfig()[pri:0, instance:ecommerceautomation.tests.LoginTest@7494f96a]" started-at="2025-09-21T17:31:09 IST" name="setupConfig" finished-at="2025-09-21T17:31:09 IST" duration-ms="10" status="PASS">
          <reporter-output>
          </reporter-output>
        </test-method> <!-- setupConfig -->
        <test-method is-config="true" signature="setUp()[pri:0, instance:ecommerceautomation.tests.LoginTest@7494f96a]" started-at="2025-09-21T17:31:09 IST" name="setUp" finished-at="2025-09-21T17:31:16 IST" duration-ms="6672" status="PASS">
          <reporter-output>
          </reporter-output>
        </test-method> <!-- setUp -->
        <test-method signature="invalidUserLoginTest(java.lang.String,java.lang.String)[pri:0, instance:ecommerceautomation.tests.LoginTest@7494f96a]" started-at="2025-09-21T17:31:16 IST" name="invalidUserLoginTest" data-provider="invalidLoginData" finished-at="2025-09-21T17:31:24 IST" duration-ms="7971" status="PASS">
          <params>
            <param index="0">
              <value>
                <![CDATA[invaliduser@example.com]]>
              </value>
            </param>
            <param index="1">
              <value>
                <![CDATA[WrongPass]]>
              </value>
            </param>
          </params>
          <reporter-output>
          </reporter-output>
        </test-method> <!-- invalidUserLoginTest -->
        <test-method is-config="true" signature="tearDown()[pri:0, instance:ecommerceautomation.tests.LoginTest@7494f96a]" started-at="2025-09-21T17:31:24 IST" name="tearDown" finished-at="2025-09-21T17:31:24 IST" duration-ms="199" status="PASS">
          <reporter-output>
          </reporter-output>
        </test-method> <!-- tearDown -->
        <test-method is-config="true" signature="setUp()[pri:0, instance:ecommerceautomation.tests.LoginTest@7494f96a]" started-at="2025-09-21T17:31:24 IST" name="setUp" finished-at="2025-09-21T17:31:47 IST" duration-ms="22809" status="PASS">
          <reporter-output>
          </reporter-output>
        </test-method> <!-- setUp -->
        <test-method signature="validUserLoginTest(java.lang.String,java.lang.String)[pri:0, instance:ecommerceautomation.tests.LoginTest@7494f96a]" started-at="2025-09-21T17:31:47 IST" name="validUserLoginTest" data-provider="validLoginData" finished-at="2025-09-21T17:32:09 IST" duration-ms="22013" status="PASS">
          <params>
            <param index="0">
              <value>
                <![CDATA[aditya@p.com]]>
              </value>
            </param>
            <param index="1">
              <value>
                <![CDATA[AdityaPass123]]>
              </value>
            </param>
          </params>
          <reporter-output>
          </reporter-output>
        </test-method> <!-- validUserLoginTest -->
        <test-method is-config="true" signature="tearDown()[pri:0, instance:ecommerceautomation.tests.LoginTest@7494f96a]" started-at="2025-09-21T17:32:09 IST" name="tearDown" finished-at="2025-09-21T17:32:09 IST" duration-ms="152" status="PASS">
          <reporter-output>
          </reporter-output>
        </test-method> <!-- tearDown -->
      </class> <!-- ecommerceautomation.tests.LoginTest -->
    </test> <!-- Default test -->
  </suite> <!-- Default suite -->
</testng-results>
