<?xml version="1.0" encoding="UTF-8"?>
<testng-results ignored="0" total="1" passed="1" failed="0" skipped="0">
  <reporter-output>
  </reporter-output>
  <suite started-at="2025-12-23T13:09:05 IST" name="Default suite" finished-at="2025-12-23T13:09:37 IST" duration-ms="32744">
    <groups>
      <group name="TestCases">
        <method signature="TestCaseNineteen.BrandAndCategoryTestNineteen()[pri:0, instance:ecommerceautomation.tests.TestCaseNineteen@158a8276]" name="BrandAndCategoryTestNineteen" class="ecommerceautomation.tests.TestCaseNineteen"/>
      </group> <!-- TestCases -->
    </groups>
    <test started-at="2025-12-23T13:09:05 IST" name="Default test" finished-at="2025-12-23T13:09:37 IST" duration-ms="32744">
      <class name="ecommerceautomation.tests.TestCaseNineteen">
        <test-method is-config="true" signature="setupConfig()[pri:0, instance:ecommerceautomation.tests.TestCaseNineteen@158a8276]" started-at="2025-12-23T13:09:05 IST" name="setupConfig" finished-at="2025-12-23T13:09:05 IST" duration-ms="14" status="PASS">
          <reporter-output>
          </reporter-output>
        </test-method> <!-- setupConfig -->
        <test-method is-config="true" signature="setUp()[pri:0, instance:ecommerceautomation.tests.TestCaseNineteen@158a8276]" started-at="2025-12-23T13:09:05 IST" name="setUp" finished-at="2025-12-23T13:09:11 IST" duration-ms="6239" status="PASS">
          <reporter-output>
          </reporter-output>
        </test-method> <!-- setUp -->
        <test-method signature="BrandAndCategoryTestNineteen()[pri:0, instance:ecommerceautomation.tests.TestCaseNineteen@158a8276]" started-at="2025-12-23T13:09:11 IST" name="BrandAndCategoryTestNineteen" finished-at="2025-12-23T13:09:37 IST" duration-ms="26239" status="PASS">
          <reporter-output>
          </reporter-output>
        </test-method> <!-- BrandAndCategoryTestNineteen -->
        <test-method is-config="true" signature="tearDown()[pri:0, instance:ecommerceautomation.tests.TestCaseNineteen@158a8276]" started-at="2025-12-23T13:09:37 IST" name="tearDown" finished-at="2025-12-23T13:09:37 IST" duration-ms="227" status="PASS">
          <reporter-output>
          </reporter-output>
        </test-method> <!-- tearDown -->
      </class> <!-- ecommerceautomation.tests.TestCaseNineteen -->
    </test> <!-- Default test -->
  </suite> <!-- Default suite -->
</testng-results>
