<?xml version="1.0" encoding="UTF-8"?>
<testng-results ignored="0" total="1" passed="1" failed="0" skipped="0">
  <reporter-output>
  </reporter-output>
  <suite started-at="2025-09-25T17:01:13 IST" name="Default suite" finished-at="2025-09-25T17:02:06 IST" duration-ms="53562">
    <groups>
      <group name="regression">
        <method signature="CategoryBrandTest.checkCategoryAndBrand()[pri:0, instance:ecommerceautomation.tests.CategoryBrandTest@158a8276]" name="checkCategoryAndBrand" class="ecommerceautomation.tests.CategoryBrandTest"/>
      </group> <!-- regression -->
    </groups>
    <test started-at="2025-09-25T17:01:13 IST" name="Default test" finished-at="2025-09-25T17:02:06 IST" duration-ms="53562">
      <class name="ecommerceautomation.tests.CategoryBrandTest">
        <test-method is-config="true" signature="setupConfig()[pri:0, instance:ecommerceautomation.tests.CategoryBrandTest@158a8276]" started-at="2025-09-25T17:01:13 IST" name="setupConfig" finished-at="2025-09-25T17:01:13 IST" duration-ms="9" status="PASS">
          <reporter-output>
          </reporter-output>
        </test-method> <!-- setupConfig -->
        <test-method is-config="true" signature="setUp()[pri:0, instance:ecommerceautomation.tests.CategoryBrandTest@158a8276]" started-at="2025-09-25T17:01:13 IST" name="setUp" finished-at="2025-09-25T17:01:40 IST" duration-ms="27020" status="PASS">
          <reporter-output>
          </reporter-output>
        </test-method> <!-- setUp -->
        <test-method signature="checkCategoryAndBrand()[pri:0, instance:ecommerceautomation.tests.CategoryBrandTest@158a8276]" started-at="2025-09-25T17:01:40 IST" name="checkCategoryAndBrand" finished-at="2025-09-25T17:02:06 IST" duration-ms="26275" status="PASS">
          <reporter-output>
          </reporter-output>
        </test-method> <!-- checkCategoryAndBrand -->
        <test-method is-config="true" signature="tearDown()[pri:0, instance:ecommerceautomation.tests.CategoryBrandTest@158a8276]" started-at="2025-09-25T17:02:06 IST" name="tearDown" finished-at="2025-09-25T17:02:06 IST" duration-ms="229" status="PASS">
          <reporter-output>
          </reporter-output>
        </test-method> <!-- tearDown -->
      </class> <!-- ecommerceautomation.tests.CategoryBrandTest -->
    </test> <!-- Default test -->
  </suite> <!-- Default suite -->
</testng-results>
