<?xml version="1.0" encoding="UTF-8"?>
<testng-results ignored="0" total="1" passed="1" failed="0" skipped="0">
  <reporter-output>
  </reporter-output>
  <suite started-at="2025-09-27T13:58:35 IST" name="Default suite" finished-at="2025-09-27T13:59:08 IST" duration-ms="32800">
    <groups>
      <group name="sanity">
        <method signature="ProductTest.searchAndAddProductToCart()[pri:0, instance:ecommerceautomation.tests.ProductTest@158a8276]" name="searchAndAddProductToCart" class="ecommerceautomation.tests.ProductTest"/>
      </group> <!-- sanity -->
    </groups>
    <test started-at="2025-09-27T13:58:35 IST" name="Default test" finished-at="2025-09-27T13:59:08 IST" duration-ms="32800">
      <class name="ecommerceautomation.tests.ProductTest">
        <test-method is-config="true" signature="setupConfig()[pri:0, instance:ecommerceautomation.tests.ProductTest@158a8276]" started-at="2025-09-27T13:58:35 IST" name="setupConfig" finished-at="2025-09-27T13:58:35 IST" duration-ms="8" status="PASS">
          <reporter-output>
          </reporter-output>
        </test-method> <!-- setupConfig -->
        <test-method is-config="true" signature="setUp()[pri:0, instance:ecommerceautomation.tests.ProductTest@158a8276]" started-at="2025-09-27T13:58:35 IST" name="setUp" finished-at="2025-09-27T13:58:55 IST" duration-ms="20621" status="PASS">
          <reporter-output>
          </reporter-output>
        </test-method> <!-- setUp -->
        <test-method signature="searchAndAddProductToCart()[pri:0, instance:ecommerceautomation.tests.ProductTest@158a8276]" started-at="2025-09-27T13:58:55 IST" name="searchAndAddProductToCart" finished-at="2025-09-27T13:59:07 IST" duration-ms="11896" status="PASS">
          <reporter-output>
          </reporter-output>
        </test-method> <!-- searchAndAddProductToCart -->
        <test-method is-config="true" signature="tearDown()[pri:0, instance:ecommerceautomation.tests.ProductTest@158a8276]" started-at="2025-09-27T13:59:07 IST" name="tearDown" finished-at="2025-09-27T13:59:08 IST" duration-ms="251" status="PASS">
          <reporter-output>
          </reporter-output>
        </test-method> <!-- tearDown -->
      </class> <!-- ecommerceautomation.tests.ProductTest -->
    </test> <!-- Default test -->
  </suite> <!-- Default suite -->
</testng-results>
