<?xml version="1.0" encoding="UTF-8"?>
<!-- Generated by org.testng.reporters.JUnitReportReporter -->
<testsuite hostname="Adityas-MacBook-Pro.local" failures="0" tests="4" name="Cucumber.CucumberTestRunner" time="50.704" errors="1" timestamp="2025-10-03T14:36:44 IST" skipped="0">
  <testcase classname="Cucumber.CucumberTestRunner" name="runScenario" time="6.216"/>
  <testcase classname="Cucumber.CucumberTestRunner" name="runScenario" time="1.796"/>
  <testcase classname="Cucumber.CucumberTestRunner" name="runScenario" time="24.433"/>
  <testcase classname="Cucumber.CucumberTestRunner" name="runScenario" time="18.259">
    <error message="Expected condition failed: waiting for visibility of element located by By.xpath: //input[@name=&#039;title&#039;] (tried for 15 second(s) with 500 milliseconds interval)
Build info: version: &#039;4.23.0&#039;, revision: &#039;4df0a231af&#039;
System info: os.name: &#039;Mac OS X&#039;, os.arch: &#039;x86_64&#039;, os.version: &#039;15.4.1&#039;, java.version: &#039;23.0.2&#039;
Driver info: org.openqa.selenium.chrome.ChromeDriver
Capabilities {acceptInsecureCerts: false, browserName: chrome, browserVersion: 140.0.7339.214, chrome: {chromedriverVersion: 140.0.7339.207 (17230b545fd..., userDataDir: /var/folders/fh/mrx4vbm562g...}, fedcm:accounts: true, goog:chromeOptions: {debuggerAddress: localhost:55874}, networkConnectionEnabled: false, pageLoadStrategy: normal, platformName: mac, proxy: Proxy(), se:cdp: ws://localhost:55874/devtoo..., se:cdpVersion: 140.0.7339.214, setWindowRect: true, strictFileInteractability: false, timeouts: {implicit: 0, pageLoad: 300000, script: 30000}, unhandledPromptBehavior: dismiss and notify, webauthn:extension:credBlob: true, webauthn:extension:largeBlob: true, webauthn:extension:minPinLength: true, webauthn:extension:prf: true, webauthn:virtualAuthenticators: true}
Session ID: 39391b381867257b13fec7a48a9d0b3d" type="org.openqa.selenium.TimeoutException">
      <![CDATA[org.openqa.selenium.TimeoutException: Expected condition failed: waiting for visibility of element located by By.xpath: //input[@name='title'] (tried for 15 second(s) with 500 milliseconds interval)
Build info: version: '4.23.0', revision: '4df0a231af'
System info: os.name: 'Mac OS X', os.arch: 'x86_64', os.version: '15.4.1', java.version: '23.0.2'
Driver info: org.openqa.selenium.chrome.ChromeDriver
Capabilities {acceptInsecureCerts: false, browserName: chrome, browserVersion: 140.0.7339.214, chrome: {chromedriverVersion: 140.0.7339.207 (17230b545fd..., userDataDir: /var/folders/fh/mrx4vbm562g...}, fedcm:accounts: true, goog:chromeOptions: {debuggerAddress: localhost:55874}, networkConnectionEnabled: false, pageLoadStrategy: normal, platformName: mac, proxy: Proxy(), se:cdp: ws://localhost:55874/devtoo..., se:cdpVersion: 140.0.7339.214, setWindowRect: true, strictFileInteractability: false, timeouts: {implicit: 0, pageLoad: 300000, script: 30000}, unhandledPromptBehavior: dismiss and notify, webauthn:extension:credBlob: true, webauthn:extension:largeBlob: true, webauthn:extension:minPinLength: true, webauthn:extension:prf: true, webauthn:virtualAuthenticators: true}
Session ID: 39391b381867257b13fec7a48a9d0b3d
at org.openqa.selenium.support.ui.WebDriverWait.timeoutException(WebDriverWait.java:84)
at org.openqa.selenium.support.ui.FluentWait.until(FluentWait.java:228)
at ecommerceautomation.utils.WaitUtils.waitForElementToBeVisible(WaitUtils.java:43)
at ecommerceautomation.pages.AccountInformationPage.enterAccountInformation(AccountInformationPage.java:55)
at ecommerceautomation.stepdefinitions.SignupSteps.user_enters_credentials(SignupSteps.java:54)
at ✽.User enters name "Aditya" email "ap1234@test.com" title "Mr." password "Aditya1" Day "10" Month "July" Year "1992" firstname "Aditya" lastname "P" company "ABC" Address "Ye hi hai address" Country "India" State "Maharashtra" City "Solapur" Zipcode "123456" MobileNo "9876543210"(file:///Users/adityapargunde/eclipse-workspace/selenium-ecommerce-framework/src/test/resources/features/Signup.feature:6)
]]>
    </error>
  </testcase> <!-- runScenario -->
</testsuite> <!-- Cucumber.CucumberTestRunner -->
